1624669523010	geckodriver	INFO	Listening on 127.0.0.1:37179
1624669523014	mozrunner::runner	INFO	Running command: "/usr/bin/firefox" "--marionette" "-foreground" "-no-remote" "-profile" "/tmp/rust_mozprofileVdkF3R"
1624669524112	Marionette	INFO	Marionette enabled
console.warn: SearchSettings: "get: No settings file exists, new profile?" (new NotFoundError("Could not open the file at /tmp/rust_mozprofileVdkF3R/search.json.mozlz4", (void 0)))
1624669528059	Marionette	INFO	Listening on port 46311
1624669528149	Marionette	WARN	TLS certificate errors will be ignored for this session
JavaScript error: resource:///modules/FaviconLoader.jsm, line 596: InvalidStateError: JSWindowActorChild.sendAsyncMessage: JSWindowActorChild cannot send at the moment
JavaScript error: resource:///modules/FaviconLoader.jsm, line 596: InvalidStateError: JSWindowActorChild.sendAsyncMessage: JSWindowActorChild cannot send at the moment
1624669549004	Marionette	INFO	Stopped listening on port 46311

###!!! [Parent][RunMessage] Error: Channel closing: too late to send/recv, messages will be lost

1625036610006	geckodriver	INFO	Listening on 127.0.0.1:57565
1625036611005	mozrunner::runner	INFO	Running command: "/usr/bin/firefox" "--marionette" "-foreground" "-no-remote" "-profile" "/tmp/rust_mozprofilegB5R84"
1625036612074	Marionette	INFO	Marionette enabled
console.warn: SearchSettings: "get: No settings file exists, new profile?" (new NotFoundError("Could not open the file at /tmp/rust_mozprofilegB5R84/search.json.mozlz4", (void 0)))
1625036615833	Marionette	INFO	Listening on port 44753
1625036615939	Marionette	WARN	TLS certificate errors will be ignored for this session
1625036618917	Marionette	INFO	Stopped listening on port 44753
1625041396217	geckodriver	INFO	Listening on 127.0.0.1:65175
1625041396763	mozrunner::runner	INFO	Running command: "C:\\Program Files\\Mozilla Firefox\\firefox.exe" "--marionette" "-foreground" "-no-remote" "-profile" "C:\\Users\\Nickh\\AppData\\Local\\Temp\\rust_mozprofiletbbbAP"
1625041397977	Marionette	INFO	Marionette enabled
console.warn: SearchSettings: "get: No settings file exists, new profile?" (new NotFoundError("Could not open the file at C:\\Users\\Nickh\\AppData\\Local\\Temp\\rust_mozprofiletbbbAP\\search.json.mozlz4", (void 0)))
1625041402479	Marionette	INFO	Listening on port 65180
1625041403010	Marionette	WARN	TLS certificate errors will be ignored for this session
1625041434506	Marionette	INFO	Stopped listening on port 65180
JavaScript error: https://apps.cra-arc.gc.ca/ebci/wet/v6.0.0/wet-boew/js/wet-boew.min.js, line 8: NS_ERROR_NOT_INITIALIZED: 

###!!! [Child][MessageChannel] Error: (msgtype=0x390141,name=PContent::Msg_ScriptError) Channel closing: too late to send/recv, messages will be lost


###!!! [Child][MessageChannel] Error: (msgtype=0x230030,name=PBrowser::Msg___delete__) Channel closing: too late to send/recv, messages will be lost

1625041882175	geckodriver	INFO	Listening on 127.0.0.1:65461
1625041882824	mozrunner::runner	INFO	Running command: "C:\\Program Files\\Mozilla Firefox\\firefox.exe" "--marionette" "-foreground" "-no-remote" "-profile" "C:\\Users\\Nickh\\AppData\\Local\\Temp\\rust_mozprofilejkeWFl"
1625041883467	Marionette	INFO	Marionette enabled
console.warn: SearchSettings: "get: No settings file exists, new profile?" (new NotFoundError("Could not open the file at C:\\Users\\Nickh\\AppData\\Local\\Temp\\rust_mozprofilejkeWFl\\search.json.mozlz4", (void 0)))
1625041887692	Marionette	INFO	Listening on port 65466
1625041887855	Marionette	WARN	TLS certificate errors will be ignored for this session
1625041917462	Marionette	INFO	Stopped listening on port 65466
JavaScript error: https://apps.cra-arc.gc.ca/ebci/wet/v6.0.0/wet-boew/js/wet-boew.min.js, line 8: NS_ERROR_NOT_INITIALIZED: 

###!!! [Child][MessageChannel] Error: (msgtype=0x230030,name=PBrowser::Msg___delete__) Channel closing: too late to send/recv, messages will be lost

1625041996507	geckodriver	INFO	Listening on 127.0.0.1:49289
1625041997054	mozrunner::runner	INFO	Running command: "C:\\Program Files\\Mozilla Firefox\\firefox.exe" "--marionette" "-foreground" "-no-remote" "-profile" "C:\\Users\\Nickh\\AppData\\Local\\Temp\\rust_mozprofileEen8GK"
1625041997802	Marionette	INFO	Marionette enabled
console.warn: SearchSettings: "get: No settings file exists, new profile?" (new NotFoundError("Could not open the file at C:\\Users\\Nickh\\AppData\\Local\\Temp\\rust_mozprofileEen8GK\\search.json.mozlz4", (void 0)))
1625042001819	Marionette	INFO	Listening on port 49294
1625042001925	Marionette	WARN	TLS certificate errors will be ignored for this session
JavaScript error: resource:///modules/FaviconLoader.jsm, line 596: InvalidStateError: JSWindowActorChild.sendAsyncMessage: JSWindowActorChild cannot send at the moment
JavaScript error: https://apps.cra-arc.gc.ca/ebci/wet/v6.0.0/wet-boew/js/wet-boew.min.js, line 8: NS_ERROR_NOT_INITIALIZED: 
Marionette threw an error: TypeError: this.currentSession is null
GeckoDriver.prototype.getBrowsingContext@chrome://marionette/content/driver.js:292:5
GeckoDriver.prototype.getActor/<@chrome://marionette/content/driver.js:264:10
getMarionetteCommandsActorProxy/get/<@chrome://marionette/content/actors/MarionetteCommandsParent.jsm:327:29
observe@resource://gre/modules/AsyncShutdown.jsm:575:16

1625042024617	Marionette	INFO	Stopped listening on port 49294
1625042096438	geckodriver	INFO	Listening on 127.0.0.1:49489
1625042096970	mozrunner::runner	INFO	Running command: "C:\\Program Files\\Mozilla Firefox\\firefox.exe" "--marionette" "-foreground" "-no-remote" "-profile" "C:\\Users\\Nickh\\AppData\\Local\\Temp\\rust_mozprofilemtyFaG"
1625042097675	Marionette	INFO	Marionette enabled
console.warn: SearchSettings: "get: No settings file exists, new profile?" (new NotFoundError("Could not open the file at C:\\Users\\Nickh\\AppData\\Local\\Temp\\rust_mozprofilemtyFaG\\search.json.mozlz4", (void 0)))
1625042101732	Marionette	INFO	Listening on port 49494
1625042102052	Marionette	WARN	TLS certificate errors will be ignored for this session
1625042114577	Marionette	INFO	Stopped listening on port 49494
